Walk-Forward Validation Log
Started: 2026-01-17 18:23:45 UTC
Strategy: trend_filtered_momentum_ma_period150_min_periods100_momentum_lookback252_top5_monthly
Parameters: lookback=252, top_n=5, cost=10.0bps
================================================================================

2026-01-17 18:23:46,659 - __main__ - INFO - Starting walk-forward validation
2026-01-17 18:23:46,660 - __main__ - INFO - Snapshot: data/snapshots/snapshot_20260113_232157
2026-01-17 18:23:46,660 - __main__ - INFO - Date range: 2020-01-01 to 2025-12-31
2026-01-17 18:23:46,660 - __main__ - INFO - Window config: 5y train, 1y test, 6m step
2026-01-17 18:23:46,660 - __main__ - INFO - Strategy: top_n=5, lookback=252, cost=10.0bps
2026-01-17 18:23:46,660 - quantetf.evaluation.walk_forward - INFO - Loading snapshot from data/snapshots/snapshot_20260113_232157
2026-01-17 18:23:49,624 - quantetf.evaluation.walk_forward - INFO - Universe: 304 tickers
2026-01-17 18:23:49,625 - quantetf.evaluation.walk_forward - INFO - Stopping at window 0: test_end 2026-01-01 00:00:00 > end_date 2025-12-31 00:00:00
2026-01-17 18:23:49,625 - __main__ - ERROR - Walk-forward validation failed: Could not create any valid windows with train_years=5, test_years=1, available period: 2020-01-01 00:00:00 to 2025-12-31 00:00:00
Traceback (most recent call last):
  File "/workspaces/qetf/scripts/walk_forward_test.py", line 384, in main
    results = run_walk_forward_validation(
              ^^^^^^^^^^^^^^^^^^^^^^^^^^^^
  File "/workspaces/qetf/src/quantetf/evaluation/walk_forward.py", line 434, in run_walk_forward_validation
    windows = generate_walk_forward_windows(start_date, end_date, wf_config)
              ^^^^^^^^^^^^^^^^^^^^^^^^^^^^^^^^^^^^^^^^^^^^^^^^^^^^^^^^^^^^^^
  File "/workspaces/qetf/src/quantetf/evaluation/walk_forward.py", line 213, in generate_walk_forward_windows
    raise ValueError(
ValueError: Could not create any valid windows with train_years=5, test_years=1, available period: 2020-01-01 00:00:00 to 2025-12-31 00:00:00
